<?xml version="1.0" encoding="UTF-8"?>
<!-- Generated by org.testng.reporters.JUnitReportReporter -->
<testsuite hostname="kanha-PC" name="com.framework.testCases.TC02"
	tests="1" failures="0" timestamp="2 Jan 2017 18:20:07 GMT" time="36.245"
	errors="0">
	<testcase name="TC002_fassured_validation" time="36.245"
		classname="com.framework.testCases.TC02" />
</testsuite> <!-- com.framework.testCases.TC02 -->
