<?xml version="1.0" encoding="UTF-8"?>
<!-- Generated by org.testng.reporters.JUnitReportReporter -->
<testsuite hostname="kanha-PC" name="com.framework.testCases.TC01" tests="2" failures="0" timestamp="2 Jan 2017 18:20:07 GMT" time="72.326" errors="0">
  <testcase name="TC001_login_validation" time="32.486" classname="com.framework.testCases.TC01"/>
  <testcase name="TC002_fassured_validation" time="39.840" classname="com.framework.testCases.TC01"/>
</testsuite> <!-- com.framework.testCases.TC01 -->
